<?xml version="1.0" encoding="UTF-8"?>
<!-- Generated by org.testng.reporters.JUnitXMLReporter -->
<testsuite hostname="imacs-iMac.local" ignored="1" name="Default test" tests="1" failures="0" timestamp="07 Mar 2018 22:35:03 GMT" time="2.838" errors="0">
  <testcase name="addedEc2DefaultValuesTest" time="1.73" classname="com.amazonaws.tests.AwsCalculatorTests"/>
  <testcase name="defualtMonthlyBillTest" time="0.0" classname="com.amazonaws.tests.AwsCalculatorTests">
    <ignored/>
  </testcase> <!-- defualtMonthlyBillTest -->
</testsuite> <!-- Default test -->
