<?xml version="1.0" encoding="UTF-8"?>
<!-- Generated by org.testng.reporters.JUnitXMLReporter -->
<testsuite hostname="imacs-iMac.local" ignored="0" name="Default test" tests="2" failures="0" timestamp="07 Mar 2018 22:54:40 GMT" time="2.779" errors="0">
  <testcase name="defualtMonthlyBillTest" time="1.562" classname="com.amazonaws.tests.AwsCalculatorTests"/>
  <testcase name="addedEc2DefaultValuesTest" time="0.259" classname="com.amazonaws.tests.AwsCalculatorTests"/>
</testsuite> <!-- Default test -->
