<?xml version="1.0" encoding="UTF-8"?>
<testng-results skipped="0" failed="0" ignored="1" total="2" passed="1">
  <reporter-output>
  </reporter-output>
  <suite name="Default suite" duration-ms="2838" started-at="2018-03-07T22:35:00Z" finished-at="2018-03-07T22:35:02Z">
    <groups>
    </groups>
    <test name="Default test" duration-ms="2838" started-at="2018-03-07T22:35:00Z" finished-at="2018-03-07T22:35:02Z">
      <class name="com.amazonaws.tests.AwsCalculatorTests">
        <test-method status="PASS" signature="setUp(java.lang.String)[pri:0, instance:com.amazonaws.tests.AwsCalculatorTests@6f01b95f]" name="setUp" is-config="true" duration-ms="1091" started-at="2018-03-07T17:35:00Z" finished-at="2018-03-07T17:35:01Z">
          <params>
            <param index="0">
              <value is-null="true"/>
            </param>
          </params>
          <reporter-output>
          </reporter-output>
        </test-method> <!-- setUp -->
        <test-method status="PASS" signature="addedEc2DefaultValuesTest()[pri:1, instance:com.amazonaws.tests.AwsCalculatorTests@6f01b95f]" name="addedEc2DefaultValuesTest" duration-ms="1730" started-at="2018-03-07T17:35:01Z" finished-at="2018-03-07T17:35:02Z">
          <reporter-output>
          </reporter-output>
        </test-method> <!-- addedEc2DefaultValuesTest -->
        <test-method status="PASS" signature="tearDown()[pri:0, instance:com.amazonaws.tests.AwsCalculatorTests@6f01b95f]" name="tearDown" is-config="true" duration-ms="0" started-at="2018-03-07T17:35:02Z" finished-at="2018-03-07T17:35:02Z">
          <reporter-output>
          </reporter-output>
        </test-method> <!-- tearDown -->
      </class> <!-- com.amazonaws.tests.AwsCalculatorTests -->
    </test> <!-- Default test -->
  </suite> <!-- Default suite -->
</testng-results>
