<?xml version="1.0" encoding="UTF-8"?>
<testng-results skipped="0" failed="0" ignored="0" total="2" passed="2">
  <reporter-output>
  </reporter-output>
  <suite name="Default suite" duration-ms="2779" started-at="2018-03-07T22:54:37Z" finished-at="2018-03-07T22:54:40Z">
    <groups>
    </groups>
    <test name="Default test" duration-ms="2779" started-at="2018-03-07T22:54:37Z" finished-at="2018-03-07T22:54:40Z">
      <class name="com.amazonaws.tests.AwsCalculatorTests">
        <test-method status="PASS" signature="setUp(java.lang.String)[pri:0, instance:com.amazonaws.tests.AwsCalculatorTests@6f01b95f]" name="setUp" is-config="true" duration-ms="931" started-at="2018-03-07T17:54:37Z" finished-at="2018-03-07T17:54:38Z">
          <params>
            <param index="0">
              <value is-null="true"/>
            </param>
          </params>
          <reporter-output>
          </reporter-output>
        </test-method> <!-- setUp -->
        <test-method status="PASS" signature="defualtMonthlyBillTest()[pri:0, instance:com.amazonaws.tests.AwsCalculatorTests@6f01b95f]" name="defualtMonthlyBillTest" duration-ms="1562" started-at="2018-03-07T17:54:38Z" description="Monthly bill should be $ 0.00 by default" finished-at="2018-03-07T17:54:40Z">
          <reporter-output>
          </reporter-output>
        </test-method> <!-- defualtMonthlyBillTest -->
        <test-method status="PASS" signature="addedEc2DefaultValuesTest()[pri:1, instance:com.amazonaws.tests.AwsCalculatorTests@6f01b95f]" name="addedEc2DefaultValuesTest" duration-ms="259" started-at="2018-03-07T17:54:40Z" finished-at="2018-03-07T17:54:40Z">
          <reporter-output>
          </reporter-output>
        </test-method> <!-- addedEc2DefaultValuesTest -->
        <test-method status="PASS" signature="tearDown()[pri:0, instance:com.amazonaws.tests.AwsCalculatorTests@6f01b95f]" name="tearDown" is-config="true" duration-ms="0" started-at="2018-03-07T17:54:40Z" finished-at="2018-03-07T17:54:40Z">
          <reporter-output>
          </reporter-output>
        </test-method> <!-- tearDown -->
      </class> <!-- com.amazonaws.tests.AwsCalculatorTests -->
    </test> <!-- Default test -->
  </suite> <!-- Default suite -->
</testng-results>
